<?xml version="1.0" encoding="UTF-8"?>
<coverage generated="1733220413153" clover="3.2.0">
  <project timestamp="1733220413154" name="All files">
    <metrics statements="45" coveredstatements="42" conditionals="20" coveredconditionals="18" methods="7" coveredmethods="5" elements="72" coveredelements="65" complexity="0" loc="45" ncloc="45" packages="1" files="1" classes="1"/>
    <file name="updateFeedback.js" path="C:\Users\User\Documents\DVOPS_Projects\project1-yujie\public\js\updateFeedback.js">
      <metrics statements="45" coveredstatements="42" conditionals="20" coveredconditionals="18" methods="7" coveredmethods="5"/>
      <line num="2" count="8" type="stmt"/>
      <line num="6" count="9" type="stmt"/>
      <line num="9" count="9" type="stmt"/>
      <line num="10" count="9" type="cond" truecount="2" falsecount="0"/>
      <line num="11" count="1" type="stmt"/>
      <line num="12" count="1" type="stmt"/>
      <line num="15" count="8" type="stmt"/>
      <line num="16" count="8" type="stmt"/>
      <line num="17" count="8" type="stmt"/>
      <line num="18" count="8" type="cond" truecount="4" falsecount="0"/>
      <line num="19" count="5" type="stmt"/>
      <line num="20" count="5" type="cond" truecount="1" falsecount="1"/>
      <line num="21" count="5" type="stmt"/>
      <line num="22" count="5" type="stmt"/>
      <line num="23" count="5" type="stmt"/>
      <line num="24" count="5" type="stmt"/>
      <line num="26" count="0" type="stmt"/>
      <line num="28" count="3" type="cond" truecount="2" falsecount="0"/>
      <line num="29" count="1" type="stmt"/>
      <line num="31" count="2" type="stmt"/>
      <line num="34" count="8" type="stmt"/>
      <line num="35" count="0" type="stmt"/>
      <line num="37" count="8" type="stmt"/>
      <line num="41" count="4" type="stmt"/>
      <line num="42" count="4" type="stmt"/>
      <line num="43" count="4" type="stmt"/>
      <line num="45" count="4" type="cond" truecount="2" falsecount="0"/>
      <line num="46" count="1" type="stmt"/>
      <line num="47" count="1" type="stmt"/>
      <line num="50" count="3" type="cond" truecount="2" falsecount="0"/>
      <line num="51" count="1" type="stmt"/>
      <line num="52" count="1" type="stmt"/>
      <line num="55" count="2" type="stmt"/>
      <line num="56" count="2" type="stmt"/>
      <line num="57" count="2" type="stmt"/>
      <line num="59" count="2" type="stmt"/>
      <line num="60" count="2" type="cond" truecount="4" falsecount="0"/>
      <line num="61" count="1" type="stmt"/>
      <line num="62" count="1" type="stmt"/>
      <line num="63" count="1" type="stmt"/>
      <line num="65" count="1" type="stmt"/>
      <line num="66" count="1" type="cond" truecount="1" falsecount="1"/>
      <line num="70" count="2" type="stmt"/>
      <line num="71" count="0" type="stmt"/>
      <line num="74" count="2" type="stmt"/>
    </file>
  </project>
</coverage>
