{"total": {"lines":{"total":39,"covered":37,"skipped":0,"pct":94.87},"statements":{"total":39,"covered":37,"skipped":0,"pct":94.87},"functions":{"total":6,"covered":5,"skipped":0,"pct":83.33},"branches":{"total":18,"covered":15,"skipped":0,"pct":83.33},"branchesTrue":{"total":0,"covered":0,"skipped":0,"pct":"Unknown"}}
,"C:\\Users\\User\\Documents\\DVOPS_Projects\\project1-yujie\\public\\js\\updateFeedback.js": {"lines":{"total":39,"covered":37,"skipped":0,"pct":94.87},"functions":{"total":6,"covered":5,"skipped":0,"pct":83.33},"statements":{"total":39,"covered":37,"skipped":0,"pct":94.87},"branches":{"total":18,"covered":15,"skipped":0,"pct":83.33}}
}
