{"C:\\Users\\User\\Documents\\DVOPS_Projects\\project1-yujie\\public\\js\\updateFeedback.js": {"path":"C:\\Users\\User\\Documents\\DVOPS_Projects\\project1-yujie\\public\\js\\updateFeedback.js","statementMap":{"0":{"start":{"line":2,"column":4},"end":{"line":2,"column":19}},"1":{"start":{"line":7,"column":18},"end":{"line":7,"column":56}},"2":{"start":{"line":9,"column":25},"end":{"line":9,"column":53}},"3":{"start":{"line":10,"column":4},"end":{"line":13,"column":5}},"4":{"start":{"line":11,"column":8},"end":{"line":11,"column":105}},"5":{"start":{"line":12,"column":8},"end":{"line":12,"column":15}},"6":{"start":{"line":15,"column":20},"end":{"line":15,"column":40}},"7":{"start":{"line":16,"column":4},"end":{"line":16,"column":52}},"8":{"start":{"line":18,"column":4},"end":{"line":33,"column":6}},"9":{"start":{"line":19,"column":8},"end":{"line":32,"column":9}},"10":{"start":{"line":20,"column":29},"end":{"line":20,"column":61}},"11":{"start":{"line":21,"column":12},"end":{"line":29,"column":13}},"12":{"start":{"line":22,"column":40},"end":{"line":22,"column":75}},"13":{"start":{"line":23,"column":16},"end":{"line":23,"column":68}},"14":{"start":{"line":24,"column":16},"end":{"line":24,"column":75}},"15":{"start":{"line":25,"column":16},"end":{"line":25,"column":65}},"16":{"start":{"line":28,"column":16},"end":{"line":28,"column":105}},"17":{"start":{"line":31,"column":12},"end":{"line":31,"column":82}},"18":{"start":{"line":35,"column":4},"end":{"line":37,"column":6}},"19":{"start":{"line":36,"column":8},"end":{"line":36,"column":75}},"20":{"start":{"line":39,"column":4},"end":{"line":39,"column":19}},"21":{"start":{"line":86,"column":18},"end":{"line":86,"column":56}},"22":{"start":{"line":87,"column":28},"end":{"line":87,"column":63}},"23":{"start":{"line":88,"column":21},"end":{"line":88,"column":49}},"24":{"start":{"line":90,"column":4},"end":{"line":93,"column":5}},"25":{"start":{"line":91,"column":8},"end":{"line":91,"column":77}},"26":{"start":{"line":92,"column":8},"end":{"line":92,"column":15}},"27":{"start":{"line":95,"column":4},"end":{"line":98,"column":5}},"28":{"start":{"line":96,"column":8},"end":{"line":96,"column":54}},"29":{"start":{"line":97,"column":8},"end":{"line":97,"column":15}},"30":{"start":{"line":100,"column":20},"end":{"line":100,"column":40}},"31":{"start":{"line":101,"column":4},"end":{"line":101,"column":59}},"32":{"start":{"line":102,"column":4},"end":{"line":102,"column":65}},"33":{"start":{"line":104,"column":4},"end":{"line":111,"column":6}},"34":{"start":{"line":105,"column":8},"end":{"line":110,"column":9}},"35":{"start":{"line":106,"column":29},"end":{"line":106,"column":58}},"36":{"start":{"line":107,"column":12},"end":{"line":107,"column":40}},"37":{"start":{"line":109,"column":12},"end":{"line":109,"column":79}},"38":{"start":{"line":115,"column":4},"end":{"line":115,"column":47}}},"fnMap":{"0":{"name":"showAlert","decl":{"start":{"line":1,"column":9},"end":{"line":1,"column":18}},"loc":{"start":{"line":1,"column":28},"end":{"line":3,"column":1}},"line":1},"1":{"name":"retrieveFeedback","decl":{"start":{"line":6,"column":9},"end":{"line":6,"column":25}},"loc":{"start":{"line":6,"column":28},"end":{"line":40,"column":1}},"line":6},"2":{"name":"(anonymous_2)","decl":{"start":{"line":18,"column":21},"end":{"line":18,"column":22}},"loc":{"start":{"line":18,"column":33},"end":{"line":33,"column":5}},"line":18},"3":{"name":"(anonymous_3)","decl":{"start":{"line":35,"column":22},"end":{"line":35,"column":23}},"loc":{"start":{"line":35,"column":34},"end":{"line":37,"column":5}},"line":35},"4":{"name":"updateFeedback","decl":{"start":{"line":85,"column":9},"end":{"line":85,"column":23}},"loc":{"start":{"line":85,"column":26},"end":{"line":116,"column":1}},"line":85},"5":{"name":"(anonymous_5)","decl":{"start":{"line":104,"column":21},"end":{"line":104,"column":22}},"loc":{"start":{"line":104,"column":33},"end":{"line":111,"column":5}},"line":104}},"branchMap":{"0":{"loc":{"start":{"line":10,"column":4},"end":{"line":13,"column":5}},"type":"if","locations":[{"start":{"line":10,"column":4},"end":{"line":13,"column":5}},{"start":{},"end":{}}],"line":10},"1":{"loc":{"start":{"line":21,"column":12},"end":{"line":29,"column":13}},"type":"if","locations":[{"start":{"line":21,"column":12},"end":{"line":29,"column":13}},{"start":{"line":26,"column":19},"end":{"line":29,"column":13}}],"line":21},"2":{"loc":{"start":{"line":21,"column":16},"end":{"line":21,"column":61}},"type":"binary-expr","locations":[{"start":{"line":21,"column":16},"end":{"line":21,"column":37}},{"start":{"line":21,"column":41},"end":{"line":21,"column":61}}],"line":21},"3":{"loc":{"start":{"line":23,"column":40},"end":{"line":23,"column":67}},"type":"binary-expr","locations":[{"start":{"line":23,"column":40},"end":{"line":23,"column":61}},{"start":{"line":23,"column":65},"end":{"line":23,"column":67}}],"line":23},"4":{"loc":{"start":{"line":24,"column":47},"end":{"line":24,"column":74}},"type":"binary-expr","locations":[{"start":{"line":24,"column":47},"end":{"line":24,"column":68}},{"start":{"line":24,"column":72},"end":{"line":24,"column":74}}],"line":24},"5":{"loc":{"start":{"line":28,"column":26},"end":{"line":28,"column":103}},"type":"binary-expr","locations":[{"start":{"line":28,"column":26},"end":{"line":28,"column":42}},{"start":{"line":28,"column":46},"end":{"line":28,"column":103}}],"line":28},"6":{"loc":{"start":{"line":90,"column":4},"end":{"line":93,"column":5}},"type":"if","locations":[{"start":{"line":90,"column":4},"end":{"line":93,"column":5}},{"start":{},"end":{}}],"line":90},"7":{"loc":{"start":{"line":95,"column":4},"end":{"line":98,"column":5}},"type":"if","locations":[{"start":{"line":95,"column":4},"end":{"line":98,"column":5}},{"start":{},"end":{}}],"line":95},"8":{"loc":{"start":{"line":105,"column":8},"end":{"line":110,"column":9}},"type":"if","locations":[{"start":{"line":105,"column":8},"end":{"line":110,"column":9}},{"start":{"line":108,"column":15},"end":{"line":110,"column":9}}],"line":105}},"s":{"0":24,"1":27,"2":27,"3":27,"4":3,"5":3,"6":24,"7":24,"8":24,"9":24,"10":24,"11":24,"12":15,"13":15,"14":15,"15":15,"16":9,"17":0,"18":24,"19":0,"20":24,"21":12,"22":12,"23":12,"24":12,"25":3,"26":3,"27":9,"28":3,"29":3,"30":6,"31":6,"32":6,"33":6,"34":6,"35":3,"36":3,"37":3,"38":6},"f":{"0":24,"1":27,"2":24,"3":0,"4":12,"5":6},"b":{"0":[3,24],"1":[15,9],"2":[24,24],"3":[15,0],"4":[15,0],"5":[9,0],"6":[3,9],"7":[3,6],"8":[3,3]},"_coverageSchema":"1a1c01bbd47fc00a2c39e90264f33305004495a9","hash":"d894853151b2009225ada1455fa52a491589523f"}
}
