{"total": {"lines":{"total":45,"covered":42,"skipped":0,"pct":93.33},"statements":{"total":45,"covered":42,"skipped":0,"pct":93.33},"functions":{"total":7,"covered":5,"skipped":0,"pct":71.42},"branches":{"total":20,"covered":18,"skipped":0,"pct":90},"branchesTrue":{"total":0,"covered":0,"skipped":0,"pct":"Unknown"}}
,"C:\\Users\\User\\Documents\\DVOPS_Projects\\project1-yujie\\public\\js\\updateFeedback.js": {"lines":{"total":45,"covered":42,"skipped":0,"pct":93.33},"functions":{"total":7,"covered":5,"skipped":0,"pct":71.42},"statements":{"total":45,"covered":42,"skipped":0,"pct":93.33},"branches":{"total":20,"covered":18,"skipped":0,"pct":90}}
}
