TN:
SF:public\js\updateFeedback.js
FN:1,showAlert
FN:5,retrieveFeedback
FN:17,(anonymous_2)
FN:34,(anonymous_3)
FN:40,updateFeedback
FN:59,(anonymous_5)
FN:70,(anonymous_6)
FNF:7
FNH:5
FNDA:8,showAlert
FNDA:9,retrieveFeedback
FNDA:8,(anonymous_2)
FNDA:0,(anonymous_3)
FNDA:4,updateFeedback
FNDA:2,(anonymous_5)
FNDA:0,(anonymous_6)
DA:2,8
DA:6,9
DA:9,9
DA:10,9
DA:11,1
DA:12,1
DA:15,8
DA:16,8
DA:17,8
DA:18,8
DA:19,5
DA:20,5
DA:21,5
DA:22,5
DA:23,5
DA:24,5
DA:26,0
DA:28,3
DA:29,1
DA:31,2
DA:34,8
DA:35,0
DA:37,8
DA:41,4
DA:42,4
DA:43,4
DA:45,4
DA:46,1
DA:47,1
DA:50,3
DA:51,1
DA:52,1
DA:55,2
DA:56,2
DA:57,2
DA:59,2
DA:60,2
DA:61,1
DA:62,1
DA:63,1
DA:65,1
DA:66,1
DA:70,2
DA:71,0
DA:74,2
LF:45
LH:42
BRDA:10,0,0,1
BRDA:10,0,1,8
BRDA:18,1,0,5
BRDA:18,1,1,3
BRDA:18,2,0,8
BRDA:18,2,1,8
BRDA:20,3,0,5
BRDA:20,3,1,0
BRDA:28,4,0,1
BRDA:28,4,1,2
BRDA:45,5,0,1
BRDA:45,5,1,3
BRDA:50,6,0,1
BRDA:50,6,1,2
BRDA:60,7,0,1
BRDA:60,7,1,1
BRDA:60,8,0,2
BRDA:60,8,1,2
BRDA:66,9,0,1
BRDA:66,9,1,0
BRF:20
BRH:18
end_of_record
