TN:
SF:public\js\updateFeedback.js
FN:1,showAlert
FN:6,retrieveFeedback
FN:18,(anonymous_2)
FN:35,(anonymous_3)
FN:85,updateFeedback
FN:104,(anonymous_5)
FNF:6
FNH:5
FNDA:8,showAlert
FNDA:9,retrieveFeedback
FNDA:8,(anonymous_2)
FNDA:0,(anonymous_3)
FNDA:4,updateFeedback
FNDA:2,(anonymous_5)
DA:2,8
DA:7,9
DA:9,9
DA:10,9
DA:11,1
DA:12,1
DA:15,8
DA:16,8
DA:18,8
DA:19,8
DA:20,8
DA:21,8
DA:22,5
DA:23,5
DA:24,5
DA:25,5
DA:28,3
DA:31,0
DA:35,8
DA:36,0
DA:39,8
DA:86,4
DA:87,4
DA:88,4
DA:90,4
DA:91,1
DA:92,1
DA:95,3
DA:96,1
DA:97,1
DA:100,2
DA:101,2
DA:102,2
DA:104,2
DA:105,2
DA:106,1
DA:107,1
DA:109,1
DA:115,2
LF:39
LH:37
BRDA:10,0,0,1
BRDA:10,0,1,8
BRDA:21,1,0,5
BRDA:21,1,1,3
BRDA:21,2,0,8
BRDA:21,2,1,8
BRDA:23,3,0,5
BRDA:23,3,1,0
BRDA:24,4,0,5
BRDA:24,4,1,0
BRDA:28,5,0,3
BRDA:28,5,1,0
BRDA:90,6,0,1
BRDA:90,6,1,3
BRDA:95,7,0,1
BRDA:95,7,1,2
BRDA:105,8,0,1
BRDA:105,8,1,1
BRF:18
BRH:15
end_of_record
